2023-06-03 12:31:08,454 [Worker-4: Loading available Gradle versions] INFO  o.e.b.c.i.u.g.PublishedGradleVersions - Gradle version information cache is up-to-date. Trying to read.
2023-06-03 12:31:51,203 [Worker-5: Creating project "demo.jenkins.testProject"] INFO  o.e.m.c.i.l.LifecycleMappingFactory - Using org.eclipse.m2e.jdt.JarLifecycleMapping lifecycle mapping for MavenProject: demo.jenkins.testProject:demo.jenkins.testProject:0.0.1-SNAPSHOT @ D:\6_Jenkins_Workspace\demo.jenkins.testProject\pom.xml.
2023-06-03 12:31:51,789 [Worker-5: Creating project "demo.jenkins.testProject"] INFO  o.e.m.j.i.AbstractJavaProjectConfigurator - Adding source folder /demo.jenkins.testProject/src/main/java
2023-06-03 12:31:51,791 [Worker-5: Creating project "demo.jenkins.testProject"] INFO  o.e.m.j.i.AbstractJavaProjectConfigurator - Adding resource folder /demo.jenkins.testProject/src/main/resources
2023-06-03 12:31:51,792 [Worker-5: Creating project "demo.jenkins.testProject"] INFO  o.e.m.j.i.AbstractJavaProjectConfigurator - Adding source folder /demo.jenkins.testProject/src/test/java
2023-06-03 12:31:51,792 [Worker-5: Creating project "demo.jenkins.testProject"] INFO  o.e.m.j.i.AbstractJavaProjectConfigurator - Adding resource folder /demo.jenkins.testProject/src/test/resources
2023-06-03 12:31:53,059 [Worker-29: Building] WARN  o.e.m.c.i.embedder.EclipseLogger - Using platform encoding (Cp1252 actually) to copy filtered resources, i.e. build is platform dependent!
2023-06-03 12:31:53,064 [Worker-29: Building] INFO  o.e.m.c.i.embedder.EclipseLogger - Copying 0 resource
2023-06-03 12:31:53,066 [Worker-29: Building] WARN  o.e.m.c.i.embedder.EclipseLogger - Using platform encoding (Cp1252 actually) to copy filtered resources, i.e. build is platform dependent!
2023-06-03 12:31:53,066 [Worker-29: Building] INFO  o.e.m.c.i.embedder.EclipseLogger - Copying 0 resource
2023-06-03 12:41:02,520 [Worker-31: Building] WARN  o.e.m.c.i.embedder.EclipseLogger - Using platform encoding (Cp1252 actually) to copy filtered resources, i.e. build is platform dependent!
2023-06-03 12:41:02,525 [Worker-31: Building] INFO  o.e.m.c.i.embedder.EclipseLogger - Copying 0 resource
2023-06-03 12:41:02,527 [Worker-31: Building] WARN  o.e.m.c.i.embedder.EclipseLogger - Using platform encoding (Cp1252 actually) to copy filtered resources, i.e. build is platform dependent!
2023-06-03 12:41:02,531 [Worker-31: Building] INFO  o.e.m.c.i.embedder.EclipseLogger - Copying 0 resource
2023-06-03 12:41:19,970 [Worker-33: Building] WARN  o.e.m.c.i.embedder.EclipseLogger - Using platform encoding (Cp1252 actually) to copy filtered resources, i.e. build is platform dependent!
2023-06-03 12:41:19,973 [Worker-33: Building] INFO  o.e.m.c.i.embedder.EclipseLogger - Copying 0 resource
2023-06-03 12:41:19,975 [Worker-33: Building] WARN  o.e.m.c.i.embedder.EclipseLogger - Using platform encoding (Cp1252 actually) to copy filtered resources, i.e. build is platform dependent!
2023-06-03 12:41:19,980 [Worker-33: Building] INFO  o.e.m.c.i.embedder.EclipseLogger - Copying 0 resource
2023-06-03 12:41:20,994 [Worker-3: Building] WARN  o.e.m.c.i.embedder.EclipseLogger - Using platform encoding (Cp1252 actually) to copy filtered resources, i.e. build is platform dependent!
2023-06-03 12:41:20,995 [Worker-3: Building] INFO  o.e.m.c.i.embedder.EclipseLogger - Copying 0 resource
2023-06-03 12:41:20,996 [Worker-3: Building] WARN  o.e.m.c.i.embedder.EclipseLogger - Using platform encoding (Cp1252 actually) to copy filtered resources, i.e. build is platform dependent!
2023-06-03 12:41:20,997 [Worker-3: Building] INFO  o.e.m.c.i.embedder.EclipseLogger - Copying 0 resource
2023-06-03 12:42:31,481 [Worker-3: Building] INFO  o.e.m.c.i.l.LifecycleMappingFactory - Using org.eclipse.m2e.jdt.JarLifecycleMapping lifecycle mapping for MavenProject: demo.jenkins.testProject:demo.jenkins.testProject:0.0.1-SNAPSHOT @ D:\6_Jenkins_Workspace\demo.jenkins.testProject\pom.xml.
2023-06-03 12:42:31,791 [Worker-3: Building] WARN  o.e.m.c.i.embedder.EclipseLogger - Using platform encoding (Cp1252 actually) to copy filtered resources, i.e. build is platform dependent!
2023-06-03 12:42:31,793 [Worker-3: Building] INFO  o.e.m.c.i.embedder.EclipseLogger - Copying 0 resource
2023-06-03 12:42:31,795 [Worker-3: Building] WARN  o.e.m.c.i.embedder.EclipseLogger - Using platform encoding (Cp1252 actually) to copy filtered resources, i.e. build is platform dependent!
2023-06-03 12:42:31,796 [Worker-3: Building] INFO  o.e.m.c.i.embedder.EclipseLogger - Copying 0 resource
2023-06-03 12:42:33,114 [Worker-32: Building] WARN  o.e.m.c.i.embedder.EclipseLogger - Using platform encoding (Cp1252 actually) to copy filtered resources, i.e. build is platform dependent!
2023-06-03 12:42:33,125 [Worker-32: Building] INFO  o.e.m.c.i.embedder.EclipseLogger - Copying 0 resource
2023-06-03 12:42:33,126 [Worker-32: Building] WARN  o.e.m.c.i.embedder.EclipseLogger - Using platform encoding (Cp1252 actually) to copy filtered resources, i.e. build is platform dependent!
2023-06-03 12:42:33,126 [Worker-32: Building] INFO  o.e.m.c.i.embedder.EclipseLogger - Copying 0 resource
2023-06-03 12:42:47,430 [Worker-33: Building] WARN  o.e.m.c.i.embedder.EclipseLogger - Using platform encoding (Cp1252 actually) to copy filtered resources, i.e. build is platform dependent!
2023-06-03 12:42:47,430 [Worker-33: Building] INFO  o.e.m.c.i.embedder.EclipseLogger - Copying 0 resource
2023-06-03 12:42:47,431 [Worker-33: Building] WARN  o.e.m.c.i.embedder.EclipseLogger - Using platform encoding (Cp1252 actually) to copy filtered resources, i.e. build is platform dependent!
2023-06-03 12:42:47,432 [Worker-33: Building] INFO  o.e.m.c.i.embedder.EclipseLogger - Copying 0 resource
2023-06-03 12:43:23,150 [Worker-13: Building] WARN  o.e.m.c.i.embedder.EclipseLogger - Using platform encoding (Cp1252 actually) to copy filtered resources, i.e. build is platform dependent!
2023-06-03 12:43:23,150 [Worker-13: Building] INFO  o.e.m.c.i.embedder.EclipseLogger - Copying 0 resource
2023-06-03 12:43:23,152 [Worker-13: Building] WARN  o.e.m.c.i.embedder.EclipseLogger - Using platform encoding (Cp1252 actually) to copy filtered resources, i.e. build is platform dependent!
2023-06-03 12:43:23,153 [Worker-13: Building] INFO  o.e.m.c.i.embedder.EclipseLogger - Copying 0 resource
2023-06-03 12:43:42,090 [Worker-31: Building] WARN  o.e.m.c.i.embedder.EclipseLogger - Using platform encoding (Cp1252 actually) to copy filtered resources, i.e. build is platform dependent!
2023-06-03 12:43:42,090 [Worker-31: Building] INFO  o.e.m.c.i.embedder.EclipseLogger - Copying 0 resource
2023-06-03 12:43:42,091 [Worker-31: Building] WARN  o.e.m.c.i.embedder.EclipseLogger - Using platform encoding (Cp1252 actually) to copy filtered resources, i.e. build is platform dependent!
2023-06-03 12:43:42,091 [Worker-31: Building] INFO  o.e.m.c.i.embedder.EclipseLogger - Copying 0 resource
2023-06-03 12:44:22,976 [Worker-3: Building] WARN  o.e.m.c.i.embedder.EclipseLogger - Using platform encoding (Cp1252 actually) to copy filtered resources, i.e. build is platform dependent!
2023-06-03 12:44:22,977 [Worker-3: Building] INFO  o.e.m.c.i.embedder.EclipseLogger - Copying 0 resource
2023-06-03 12:44:22,979 [Worker-3: Building] WARN  o.e.m.c.i.embedder.EclipseLogger - Using platform encoding (Cp1252 actually) to copy filtered resources, i.e. build is platform dependent!
2023-06-03 12:44:22,980 [Worker-3: Building] INFO  o.e.m.c.i.embedder.EclipseLogger - Copying 0 resource
2023-06-03 12:44:53,687 [Worker-34: Building] WARN  o.e.m.c.i.embedder.EclipseLogger - Using platform encoding (Cp1252 actually) to copy filtered resources, i.e. build is platform dependent!
2023-06-03 12:44:53,688 [Worker-34: Building] INFO  o.e.m.c.i.embedder.EclipseLogger - Copying 0 resource
2023-06-03 12:44:53,689 [Worker-34: Building] WARN  o.e.m.c.i.embedder.EclipseLogger - Using platform encoding (Cp1252 actually) to copy filtered resources, i.e. build is platform dependent!
2023-06-03 12:44:53,689 [Worker-34: Building] INFO  o.e.m.c.i.embedder.EclipseLogger - Copying 0 resource
2023-06-03 12:45:08,162 [Worker-31: Building] WARN  o.e.m.c.i.embedder.EclipseLogger - Using platform encoding (Cp1252 actually) to copy filtered resources, i.e. build is platform dependent!
2023-06-03 12:45:08,166 [Worker-31: Building] INFO  o.e.m.c.i.embedder.EclipseLogger - Copying 0 resource
2023-06-03 12:45:08,167 [Worker-31: Building] WARN  o.e.m.c.i.embedder.EclipseLogger - Using platform encoding (Cp1252 actually) to copy filtered resources, i.e. build is platform dependent!
2023-06-03 12:45:08,168 [Worker-31: Building] INFO  o.e.m.c.i.embedder.EclipseLogger - Copying 0 resource
2023-06-03 12:45:42,573 [Worker-32: Building] WARN  o.e.m.c.i.embedder.EclipseLogger - Using platform encoding (Cp1252 actually) to copy filtered resources, i.e. build is platform dependent!
2023-06-03 12:45:42,574 [Worker-32: Building] INFO  o.e.m.c.i.embedder.EclipseLogger - Copying 0 resource
2023-06-03 12:45:42,575 [Worker-32: Building] WARN  o.e.m.c.i.embedder.EclipseLogger - Using platform encoding (Cp1252 actually) to copy filtered resources, i.e. build is platform dependent!
2023-06-03 12:45:42,576 [Worker-32: Building] INFO  o.e.m.c.i.embedder.EclipseLogger - Copying 0 resource
2023-06-03 12:45:55,533 [Worker-13: Building] WARN  o.e.m.c.i.embedder.EclipseLogger - Using platform encoding (Cp1252 actually) to copy filtered resources, i.e. build is platform dependent!
2023-06-03 12:45:55,533 [Worker-13: Building] INFO  o.e.m.c.i.embedder.EclipseLogger - Copying 0 resource
2023-06-03 12:45:55,535 [Worker-13: Building] WARN  o.e.m.c.i.embedder.EclipseLogger - Using platform encoding (Cp1252 actually) to copy filtered resources, i.e. build is platform dependent!
2023-06-03 12:45:55,536 [Worker-13: Building] INFO  o.e.m.c.i.embedder.EclipseLogger - Copying 0 resource
2023-06-03 12:46:44,343 [Worker-33: Building] INFO  o.e.m.c.i.l.LifecycleMappingFactory - Using org.eclipse.m2e.jdt.JarLifecycleMapping lifecycle mapping for MavenProject: demo.jenkins.testProject:demo.jenkins.testProject:0.0.1-SNAPSHOT @ D:\6_Jenkins_Workspace\demo.jenkins.testProject\pom.xml.
2023-06-03 12:46:44,591 [Worker-33: Building] WARN  o.e.m.c.i.embedder.EclipseLogger - Using platform encoding (Cp1252 actually) to copy filtered resources, i.e. build is platform dependent!
2023-06-03 12:46:44,593 [Worker-33: Building] INFO  o.e.m.c.i.embedder.EclipseLogger - Copying 0 resource
2023-06-03 12:46:44,594 [Worker-33: Building] WARN  o.e.m.c.i.embedder.EclipseLogger - Using platform encoding (Cp1252 actually) to copy filtered resources, i.e. build is platform dependent!
2023-06-03 12:46:44,595 [Worker-33: Building] INFO  o.e.m.c.i.embedder.EclipseLogger - Copying 0 resource
2023-06-03 12:47:05,452 [Worker-13: Building] INFO  o.e.m.c.i.l.LifecycleMappingFactory - Using org.eclipse.m2e.jdt.JarLifecycleMapping lifecycle mapping for MavenProject: demo.jenkins.testProject:demo.jenkins.testProject:0.0.1-SNAPSHOT @ D:\6_Jenkins_Workspace\demo.jenkins.testProject\pom.xml.
2023-06-03 12:47:05,680 [Worker-13: Building] WARN  o.e.m.c.i.embedder.EclipseLogger - Using platform encoding (Cp1252 actually) to copy filtered resources, i.e. build is platform dependent!
2023-06-03 12:47:05,689 [Worker-13: Building] INFO  o.e.m.c.i.embedder.EclipseLogger - Copying 0 resource
2023-06-03 12:47:05,692 [Worker-13: Building] WARN  o.e.m.c.i.embedder.EclipseLogger - Using platform encoding (Cp1252 actually) to copy filtered resources, i.e. build is platform dependent!
2023-06-03 12:47:05,692 [Worker-13: Building] INFO  o.e.m.c.i.embedder.EclipseLogger - Copying 0 resource
2023-06-03 12:47:08,002 [Worker-3: Building] INFO  o.e.m.c.i.l.LifecycleMappingFactory - Using org.eclipse.m2e.jdt.JarLifecycleMapping lifecycle mapping for MavenProject: demo.jenkins.testProject:demo.jenkins.testProject:0.0.1-SNAPSHOT @ D:\6_Jenkins_Workspace\demo.jenkins.testProject\pom.xml.
2023-06-03 12:47:08,215 [Worker-3: Building] WARN  o.e.m.c.i.embedder.EclipseLogger - Using platform encoding (Cp1252 actually) to copy filtered resources, i.e. build is platform dependent!
2023-06-03 12:47:08,217 [Worker-3: Building] INFO  o.e.m.c.i.embedder.EclipseLogger - Copying 0 resource
2023-06-03 12:47:08,218 [Worker-3: Building] WARN  o.e.m.c.i.embedder.EclipseLogger - Using platform encoding (Cp1252 actually) to copy filtered resources, i.e. build is platform dependent!
2023-06-03 12:47:08,219 [Worker-3: Building] INFO  o.e.m.c.i.embedder.EclipseLogger - Copying 0 resource
2023-06-03 12:47:45,769 [Worker-32: Building] INFO  o.e.m.c.i.l.LifecycleMappingFactory - Using org.eclipse.m2e.jdt.JarLifecycleMapping lifecycle mapping for MavenProject: demo.jenkins.testProject:demo.jenkins.testProject:0.0.1-SNAPSHOT @ D:\6_Jenkins_Workspace\demo.jenkins.testProject\pom.xml.
2023-06-03 12:47:45,980 [Worker-32: Building] WARN  o.e.m.c.i.embedder.EclipseLogger - Using platform encoding (Cp1252 actually) to copy filtered resources, i.e. build is platform dependent!
2023-06-03 12:47:45,981 [Worker-32: Building] INFO  o.e.m.c.i.embedder.EclipseLogger - Copying 0 resource
2023-06-03 12:47:45,982 [Worker-32: Building] WARN  o.e.m.c.i.embedder.EclipseLogger - Using platform encoding (Cp1252 actually) to copy filtered resources, i.e. build is platform dependent!
2023-06-03 12:47:45,983 [Worker-32: Building] INFO  o.e.m.c.i.embedder.EclipseLogger - Copying 0 resource
2023-06-03 12:47:58,552 [Worker-3: Launching Executing clean in D__6_Jenkins_Workspace_demo.jenkins.testProject] INFO  o.e.m.i.launch.MavenLaunchDelegate - D:\6_Jenkins_Workspace\demo.jenkins.testProject
2023-06-03 12:47:58,553 [Worker-3: Launching Executing clean in D__6_Jenkins_Workspace_demo.jenkins.testProject] INFO  o.e.m.i.launch.MavenLaunchDelegate -  mvn -B clean
2023-06-03 12:48:07,241 [Worker-3: Launching Executing install in D__6_Jenkins_Workspace_demo.jenkins.testProject] INFO  o.e.m.i.launch.MavenLaunchDelegate - D:\6_Jenkins_Workspace\demo.jenkins.testProject
2023-06-03 12:48:07,241 [Worker-3: Launching Executing install in D__6_Jenkins_Workspace_demo.jenkins.testProject] INFO  o.e.m.i.launch.MavenLaunchDelegate -  mvn -B install
2023-06-03 12:51:56,463 [Worker-35: Building] INFO  o.e.m.c.i.e.AbstractTransferListenerAdapter - Downloading https://repo.maven.apache.org/maven2/org/apache/maven/reporting/maven-reporting-api/2.2.1/maven-reporting-api-2.2.1.pom
2023-06-03 12:51:56,532 [Worker-35: Building] INFO  o.e.m.c.i.e.AbstractTransferListenerAdapter - Downloaded https://repo.maven.apache.org/maven2/org/apache/maven/reporting/maven-reporting-api/2.2.1/maven-reporting-api-2.2.1.pom
2023-06-03 12:51:56,634 [Worker-35: Building] INFO  o.e.m.c.i.e.AbstractTransferListenerAdapter - Downloading https://repo.maven.apache.org/maven2/org/apache/maven/reporting/maven-reporting/2.2.1/maven-reporting-2.2.1.pom
2023-06-03 12:51:56,673 [Worker-35: Building] INFO  o.e.m.c.i.e.AbstractTransferListenerAdapter - Downloaded https://repo.maven.apache.org/maven2/org/apache/maven/reporting/maven-reporting/2.2.1/maven-reporting-2.2.1.pom
2023-06-03 12:51:56,737 [Worker-35: Building] INFO  o.e.m.c.i.e.AbstractTransferListenerAdapter - Downloading https://repo.maven.apache.org/maven2/org/apache/maven/doxia/doxia-sink-api/1.1/doxia-sink-api-1.1.pom
2023-06-03 12:51:56,873 [Worker-35: Building] INFO  o.e.m.c.i.e.AbstractTransferListenerAdapter - Downloaded https://repo.maven.apache.org/maven2/org/apache/maven/doxia/doxia-sink-api/1.1/doxia-sink-api-1.1.pom
2023-06-03 12:51:56,912 [Worker-35: Building] INFO  o.e.m.c.i.e.AbstractTransferListenerAdapter - Downloading https://repo.maven.apache.org/maven2/org/apache/maven/doxia/doxia/1.1/doxia-1.1.pom
2023-06-03 12:51:56,980 [Worker-35: Building] INFO  o.e.m.c.i.e.AbstractTransferListenerAdapter - Downloaded https://repo.maven.apache.org/maven2/org/apache/maven/doxia/doxia/1.1/doxia-1.1.pom
2023-06-03 12:51:57,009 [Worker-35: Building] INFO  o.e.m.c.i.e.AbstractTransferListenerAdapter - Downloading https://repo.maven.apache.org/maven2/org/apache/maven/doxia/doxia-logging-api/1.1/doxia-logging-api-1.1.pom
2023-06-03 12:51:57,082 [Worker-35: Building] INFO  o.e.m.c.i.e.AbstractTransferListenerAdapter - Downloaded https://repo.maven.apache.org/maven2/org/apache/maven/doxia/doxia-logging-api/1.1/doxia-logging-api-1.1.pom
2023-06-03 12:51:57,251 [Worker-35: Building] INFO  o.e.m.c.i.e.AbstractTransferListenerAdapter - Downloading https://repo.maven.apache.org/maven2/commons-cli/commons-cli/1.2/commons-cli-1.2.pom
2023-06-03 12:51:57,327 [Worker-35: Building] INFO  o.e.m.c.i.e.AbstractTransferListenerAdapter - Downloaded https://repo.maven.apache.org/maven2/commons-cli/commons-cli/1.2/commons-cli-1.2.pom
2023-06-03 12:51:57,452 [Worker-35: Building] INFO  o.e.m.c.i.e.AbstractTransferListenerAdapter - Downloading https://repo.maven.apache.org/maven2/org/apache/commons/commons-parent/11/commons-parent-11.pom
2023-06-03 12:51:57,531 [Worker-35: Building] INFO  o.e.m.c.i.e.AbstractTransferListenerAdapter - Downloaded https://repo.maven.apache.org/maven2/org/apache/commons/commons-parent/11/commons-parent-11.pom
2023-06-03 12:51:57,621 [Worker-35: Building] INFO  o.e.m.c.i.e.AbstractTransferListenerAdapter - Downloading https://repo.maven.apache.org/maven2/org/codehaus/plexus/plexus-compiler-api/2.7/plexus-compiler-api-2.7.pom
2023-06-03 12:51:57,673 [Worker-35: Building] INFO  o.e.m.c.i.e.AbstractTransferListenerAdapter - Downloaded https://repo.maven.apache.org/maven2/org/codehaus/plexus/plexus-compiler-api/2.7/plexus-compiler-api-2.7.pom
2023-06-03 12:51:57,701 [Worker-35: Building] INFO  o.e.m.c.i.e.AbstractTransferListenerAdapter - Downloading https://repo.maven.apache.org/maven2/org/codehaus/plexus/plexus-compiler/2.7/plexus-compiler-2.7.pom
2023-06-03 12:51:57,768 [Worker-35: Building] INFO  o.e.m.c.i.e.AbstractTransferListenerAdapter - Downloaded https://repo.maven.apache.org/maven2/org/codehaus/plexus/plexus-compiler/2.7/plexus-compiler-2.7.pom
2023-06-03 12:51:57,834 [Worker-35: Building] INFO  o.e.m.c.i.e.AbstractTransferListenerAdapter - Downloading https://repo.maven.apache.org/maven2/org/codehaus/plexus/plexus-compiler-manager/2.7/plexus-compiler-manager-2.7.pom
2023-06-03 12:51:57,998 [Worker-35: Building] INFO  o.e.m.c.i.e.AbstractTransferListenerAdapter - Downloaded https://repo.maven.apache.org/maven2/org/codehaus/plexus/plexus-compiler-manager/2.7/plexus-compiler-manager-2.7.pom
2023-06-03 12:51:58,028 [Worker-35: Building] INFO  o.e.m.c.i.e.AbstractTransferListenerAdapter - Downloading https://repo.maven.apache.org/maven2/org/codehaus/plexus/plexus-compiler-javac/2.7/plexus-compiler-javac-2.7.pom
2023-06-03 12:51:58,201 [Worker-35: Building] INFO  o.e.m.c.i.e.AbstractTransferListenerAdapter - Downloaded https://repo.maven.apache.org/maven2/org/codehaus/plexus/plexus-compiler-javac/2.7/plexus-compiler-javac-2.7.pom
2023-06-03 12:51:58,240 [Worker-35: Building] INFO  o.e.m.c.i.e.AbstractTransferListenerAdapter - Downloading https://repo.maven.apache.org/maven2/org/codehaus/plexus/plexus-compilers/2.7/plexus-compilers-2.7.pom
2023-06-03 12:51:58,284 [Worker-35: Building] INFO  o.e.m.c.i.e.AbstractTransferListenerAdapter - Downloaded https://repo.maven.apache.org/maven2/org/codehaus/plexus/plexus-compilers/2.7/plexus-compilers-2.7.pom
2023-06-03 12:51:58,327 [AetherRepositoryConnector-repo.maven.apache.org-0-0] INFO  o.e.m.c.i.e.AbstractTransferListenerAdapter - Downloading https://repo.maven.apache.org/maven2/org/codehaus/plexus/plexus-compiler-api/2.7/plexus-compiler-api-2.7.jar
2023-06-03 12:51:58,391 [AetherRepositoryConnector-repo.maven.apache.org-0-2] INFO  o.e.m.c.i.e.AbstractTransferListenerAdapter - Downloading https://repo.maven.apache.org/maven2/org/codehaus/plexus/plexus-compiler-javac/2.7/plexus-compiler-javac-2.7.jar
2023-06-03 12:51:58,402 [AetherRepositoryConnector-repo.maven.apache.org-0-1] INFO  o.e.m.c.i.e.AbstractTransferListenerAdapter - Downloading https://repo.maven.apache.org/maven2/org/codehaus/plexus/plexus-compiler-manager/2.7/plexus-compiler-manager-2.7.jar
2023-06-03 12:51:58,489 [AetherRepositoryConnector-repo.maven.apache.org-0-1] INFO  o.e.m.c.i.e.AbstractTransferListenerAdapter - Downloaded https://repo.maven.apache.org/maven2/org/codehaus/plexus/plexus-compiler-manager/2.7/plexus-compiler-manager-2.7.jar
2023-06-03 12:51:58,507 [AetherRepositoryConnector-repo.maven.apache.org-0-0] INFO  o.e.m.c.i.e.AbstractTransferListenerAdapter - Downloaded https://repo.maven.apache.org/maven2/org/codehaus/plexus/plexus-compiler-api/2.7/plexus-compiler-api-2.7.jar
2023-06-03 12:51:58,508 [AetherRepositoryConnector-repo.maven.apache.org-0-2] INFO  o.e.m.c.i.e.AbstractTransferListenerAdapter - Downloaded https://repo.maven.apache.org/maven2/org/codehaus/plexus/plexus-compiler-javac/2.7/plexus-compiler-javac-2.7.jar
2023-06-03 12:51:58,907 [Worker-35: Building] INFO  o.e.m.c.i.l.LifecycleMappingFactory - Using org.eclipse.m2e.jdt.JarLifecycleMapping lifecycle mapping for MavenProject: demo.jenkins.testProject:demo.jenkins.testProject:0.0.1-SNAPSHOT @ D:\6_Jenkins_Workspace\demo.jenkins.testProject\pom.xml.
2023-06-03 12:51:59,145 [Worker-35: Building] WARN  o.e.m.c.i.embedder.EclipseLogger - Using platform encoding (Cp1252 actually) to copy filtered resources, i.e. build is platform dependent!
2023-06-03 12:51:59,146 [Worker-35: Building] INFO  o.e.m.c.i.embedder.EclipseLogger - Copying 0 resource
2023-06-03 12:51:59,147 [Worker-35: Building] WARN  o.e.m.c.i.embedder.EclipseLogger - Using platform encoding (Cp1252 actually) to copy filtered resources, i.e. build is platform dependent!
2023-06-03 12:51:59,148 [Worker-35: Building] INFO  o.e.m.c.i.embedder.EclipseLogger - Copying 0 resource
2023-06-03 12:52:12,180 [Worker-13: Updating Maven Project] INFO  o.e.m.c.i.p.ProjectConfigurationManager - Update started
2023-06-03 12:52:12,297 [Worker-13: Updating Maven Project] INFO  o.e.m.c.i.l.LifecycleMappingFactory - Using org.eclipse.m2e.jdt.JarLifecycleMapping lifecycle mapping for MavenProject: demo.jenkins.testProject:demo.jenkins.testProject:0.0.1-SNAPSHOT @ D:\6_Jenkins_Workspace\demo.jenkins.testProject\pom.xml.
2023-06-03 12:52:12,590 [Worker-13: Updating Maven Project] INFO  o.e.m.j.i.AbstractJavaProjectConfigurator - Adding source folder /demo.jenkins.testProject/src/main/java
2023-06-03 12:52:12,590 [Worker-13: Updating Maven Project] INFO  o.e.m.j.i.AbstractJavaProjectConfigurator - Adding resource folder /demo.jenkins.testProject/src/main/resources
2023-06-03 12:52:12,591 [Worker-13: Updating Maven Project] INFO  o.e.m.j.i.AbstractJavaProjectConfigurator - Adding source folder /demo.jenkins.testProject/src/test/java
2023-06-03 12:52:12,591 [Worker-13: Updating Maven Project] INFO  o.e.m.j.i.AbstractJavaProjectConfigurator - Adding resource folder /demo.jenkins.testProject/src/test/resources
2023-06-03 12:52:12,723 [Worker-13: Updating Maven Project] INFO  o.e.m.c.i.p.ProjectConfigurationManager - Update completed: 0 sec
2023-06-03 12:52:12,979 [Worker-13: Building] WARN  o.e.m.c.i.embedder.EclipseLogger - Using platform encoding (Cp1252 actually) to copy filtered resources, i.e. build is platform dependent!
2023-06-03 12:52:12,980 [Worker-13: Building] INFO  o.e.m.c.i.embedder.EclipseLogger - Copying 0 resource
2023-06-03 12:52:12,981 [Worker-13: Building] WARN  o.e.m.c.i.embedder.EclipseLogger - Using platform encoding (Cp1252 actually) to copy filtered resources, i.e. build is platform dependent!
2023-06-03 12:52:12,982 [Worker-13: Building] INFO  o.e.m.c.i.embedder.EclipseLogger - Copying 0 resource
2023-06-03 12:52:19,814 [Worker-35: Launching Executing clean in D__6_Jenkins_Workspace_demo.jenkins.testProject] INFO  o.e.m.i.launch.MavenLaunchDelegate - D:\6_Jenkins_Workspace\demo.jenkins.testProject
2023-06-03 12:52:19,814 [Worker-35: Launching Executing clean in D__6_Jenkins_Workspace_demo.jenkins.testProject] INFO  o.e.m.i.launch.MavenLaunchDelegate -  mvn -B clean
2023-06-03 12:52:27,390 [Worker-13: Launching Executing install in D__6_Jenkins_Workspace_demo.jenkins.testProject] INFO  o.e.m.i.launch.MavenLaunchDelegate - D:\6_Jenkins_Workspace\demo.jenkins.testProject
2023-06-03 12:52:27,390 [Worker-13: Launching Executing install in D__6_Jenkins_Workspace_demo.jenkins.testProject] INFO  o.e.m.i.launch.MavenLaunchDelegate -  mvn -B install
2023-06-03 12:53:11,955 [Worker-33: Building] INFO  o.e.m.c.i.l.LifecycleMappingFactory - Using org.eclipse.m2e.jdt.JarLifecycleMapping lifecycle mapping for MavenProject: demo.jenkins.testProject:demo.jenkins.testProject:0.0.1-SNAPSHOT @ D:\6_Jenkins_Workspace\demo.jenkins.testProject\pom.xml.
2023-06-03 12:53:12,185 [Worker-33: Building] WARN  o.e.m.c.i.embedder.EclipseLogger - Using platform encoding (Cp1252 actually) to copy filtered resources, i.e. build is platform dependent!
2023-06-03 12:53:12,187 [Worker-33: Building] INFO  o.e.m.c.i.embedder.EclipseLogger - Copying 0 resource
2023-06-03 12:53:12,188 [Worker-33: Building] WARN  o.e.m.c.i.embedder.EclipseLogger - Using platform encoding (Cp1252 actually) to copy filtered resources, i.e. build is platform dependent!
2023-06-03 12:53:12,189 [Worker-33: Building] INFO  o.e.m.c.i.embedder.EclipseLogger - Copying 0 resource
2023-06-03 12:53:16,949 [Worker-33: Launching Executing clean in D__6_Jenkins_Workspace_demo.jenkins.testProject] INFO  o.e.m.i.launch.MavenLaunchDelegate - D:\6_Jenkins_Workspace\demo.jenkins.testProject
2023-06-03 12:53:16,949 [Worker-33: Launching Executing clean in D__6_Jenkins_Workspace_demo.jenkins.testProject] INFO  o.e.m.i.launch.MavenLaunchDelegate -  mvn -B clean
2023-06-03 12:53:27,547 [Worker-37: Updating Maven Project] INFO  o.e.m.c.i.p.ProjectConfigurationManager - Update started
2023-06-03 12:53:27,664 [Worker-37: Updating Maven Project] INFO  o.e.m.c.i.l.LifecycleMappingFactory - Using org.eclipse.m2e.jdt.JarLifecycleMapping lifecycle mapping for MavenProject: demo.jenkins.testProject:demo.jenkins.testProject:0.0.1-SNAPSHOT @ D:\6_Jenkins_Workspace\demo.jenkins.testProject\pom.xml.
2023-06-03 12:53:27,947 [Worker-37: Updating Maven Project] INFO  o.e.m.j.i.AbstractJavaProjectConfigurator - Adding source folder /demo.jenkins.testProject/src/main/java
2023-06-03 12:53:27,947 [Worker-37: Updating Maven Project] INFO  o.e.m.j.i.AbstractJavaProjectConfigurator - Adding resource folder /demo.jenkins.testProject/src/main/resources
2023-06-03 12:53:27,948 [Worker-37: Updating Maven Project] INFO  o.e.m.j.i.AbstractJavaProjectConfigurator - Adding source folder /demo.jenkins.testProject/src/test/java
2023-06-03 12:53:27,948 [Worker-37: Updating Maven Project] INFO  o.e.m.j.i.AbstractJavaProjectConfigurator - Adding resource folder /demo.jenkins.testProject/src/test/resources
2023-06-03 12:53:28,016 [Worker-37: Updating Maven Project] INFO  o.e.m.c.i.p.ProjectConfigurationManager - Update completed: 0 sec
2023-06-03 12:53:28,218 [Worker-35: Building] WARN  o.e.m.c.i.embedder.EclipseLogger - Using platform encoding (Cp1252 actually) to copy filtered resources, i.e. build is platform dependent!
2023-06-03 12:53:28,219 [Worker-35: Building] INFO  o.e.m.c.i.embedder.EclipseLogger - Copying 0 resource
2023-06-03 12:53:28,220 [Worker-35: Building] WARN  o.e.m.c.i.embedder.EclipseLogger - Using platform encoding (Cp1252 actually) to copy filtered resources, i.e. build is platform dependent!
2023-06-03 12:53:28,221 [Worker-35: Building] INFO  o.e.m.c.i.embedder.EclipseLogger - Copying 0 resource
2023-06-03 12:53:35,597 [Worker-13: Building] WARN  o.e.m.c.i.embedder.EclipseLogger - Using platform encoding (Cp1252 actually) to copy filtered resources, i.e. build is platform dependent!
2023-06-03 12:53:35,598 [Worker-13: Building] INFO  o.e.m.c.i.embedder.EclipseLogger - Copying 0 resource
2023-06-03 12:53:35,599 [Worker-13: Building] WARN  o.e.m.c.i.embedder.EclipseLogger - Using platform encoding (Cp1252 actually) to copy filtered resources, i.e. build is platform dependent!
2023-06-03 12:53:35,600 [Worker-13: Building] INFO  o.e.m.c.i.embedder.EclipseLogger - Copying 0 resource
2023-06-03 12:53:46,453 [Worker-35: Updating Maven Project] INFO  o.e.m.c.i.p.ProjectConfigurationManager - Update started
2023-06-03 12:53:46,587 [Worker-35: Updating Maven Project] INFO  o.e.m.c.i.l.LifecycleMappingFactory - Using org.eclipse.m2e.jdt.JarLifecycleMapping lifecycle mapping for MavenProject: demo.jenkins.testProject:demo.jenkins.testProject:0.0.1-SNAPSHOT @ D:\6_Jenkins_Workspace\demo.jenkins.testProject\pom.xml.
2023-06-03 12:53:46,786 [Worker-35: Updating Maven Project] INFO  o.e.m.j.i.AbstractJavaProjectConfigurator - Adding source folder /demo.jenkins.testProject/src/main/java
2023-06-03 12:53:46,786 [Worker-35: Updating Maven Project] INFO  o.e.m.j.i.AbstractJavaProjectConfigurator - Adding resource folder /demo.jenkins.testProject/src/main/resources
2023-06-03 12:53:46,786 [Worker-35: Updating Maven Project] INFO  o.e.m.j.i.AbstractJavaProjectConfigurator - Adding source folder /demo.jenkins.testProject/src/test/java
2023-06-03 12:53:46,787 [Worker-35: Updating Maven Project] INFO  o.e.m.j.i.AbstractJavaProjectConfigurator - Adding resource folder /demo.jenkins.testProject/src/test/resources
2023-06-03 12:53:46,850 [Worker-35: Updating Maven Project] INFO  o.e.m.c.i.p.ProjectConfigurationManager - Update completed: 0 sec
2023-06-03 12:53:47,077 [Worker-33: Building] WARN  o.e.m.c.i.embedder.EclipseLogger - Using platform encoding (Cp1252 actually) to copy filtered resources, i.e. build is platform dependent!
2023-06-03 12:53:47,078 [Worker-33: Building] INFO  o.e.m.c.i.embedder.EclipseLogger - Copying 0 resource
2023-06-03 12:53:47,079 [Worker-33: Building] WARN  o.e.m.c.i.embedder.EclipseLogger - Using platform encoding (Cp1252 actually) to copy filtered resources, i.e. build is platform dependent!
2023-06-03 12:53:47,079 [Worker-33: Building] INFO  o.e.m.c.i.embedder.EclipseLogger - Copying 0 resource
2023-06-03 12:53:55,739 [Worker-36: Launching Executing clean in D__6_Jenkins_Workspace_demo.jenkins.testProject] INFO  o.e.m.i.launch.MavenLaunchDelegate - D:\6_Jenkins_Workspace\demo.jenkins.testProject
2023-06-03 12:53:55,740 [Worker-36: Launching Executing clean in D__6_Jenkins_Workspace_demo.jenkins.testProject] INFO  o.e.m.i.launch.MavenLaunchDelegate -  mvn -B clean
2023-06-03 12:54:01,730 [Worker-35: Launching Executing install in D__6_Jenkins_Workspace_demo.jenkins.testProject] INFO  o.e.m.i.launch.MavenLaunchDelegate - D:\6_Jenkins_Workspace\demo.jenkins.testProject
2023-06-03 12:54:01,730 [Worker-35: Launching Executing install in D__6_Jenkins_Workspace_demo.jenkins.testProject] INFO  o.e.m.i.launch.MavenLaunchDelegate -  mvn -B install
2023-06-03 12:55:04,297 [Worker-33: Building] INFO  o.e.m.c.i.l.LifecycleMappingFactory - Using org.eclipse.m2e.jdt.JarLifecycleMapping lifecycle mapping for MavenProject: demo.jenkins.testProject:demo.jenkins.testProject:0.0.1-SNAPSHOT @ D:\6_Jenkins_Workspace\demo.jenkins.testProject\pom.xml.
2023-06-03 12:55:04,501 [Worker-33: Building] WARN  o.e.m.c.i.embedder.EclipseLogger - Using platform encoding (Cp1252 actually) to copy filtered resources, i.e. build is platform dependent!
2023-06-03 12:55:04,502 [Worker-33: Building] INFO  o.e.m.c.i.embedder.EclipseLogger - Copying 0 resource
2023-06-03 12:55:04,503 [Worker-33: Building] WARN  o.e.m.c.i.embedder.EclipseLogger - Using platform encoding (Cp1252 actually) to copy filtered resources, i.e. build is platform dependent!
2023-06-03 12:55:04,503 [Worker-33: Building] INFO  o.e.m.c.i.embedder.EclipseLogger - Copying 0 resource
2023-06-03 12:55:13,580 [Worker-13: Updating Maven Project] INFO  o.e.m.c.i.p.ProjectConfigurationManager - Update started
2023-06-03 12:55:13,761 [Worker-13: Updating Maven Project] INFO  o.e.m.c.i.l.LifecycleMappingFactory - Using org.eclipse.m2e.jdt.JarLifecycleMapping lifecycle mapping for MavenProject: demo.jenkins.testProject:demo.jenkins.testProject:0.0.1-SNAPSHOT @ D:\6_Jenkins_Workspace\demo.jenkins.testProject\pom.xml.
2023-06-03 12:55:13,985 [Worker-13: Updating Maven Project] INFO  o.e.m.j.i.AbstractJavaProjectConfigurator - Adding source folder /demo.jenkins.testProject/src/main/java
2023-06-03 12:55:13,986 [Worker-13: Updating Maven Project] INFO  o.e.m.j.i.AbstractJavaProjectConfigurator - Adding resource folder /demo.jenkins.testProject/src/main/resources
2023-06-03 12:55:13,986 [Worker-13: Updating Maven Project] INFO  o.e.m.j.i.AbstractJavaProjectConfigurator - Adding source folder /demo.jenkins.testProject/src/test/java
2023-06-03 12:55:13,986 [Worker-13: Updating Maven Project] INFO  o.e.m.j.i.AbstractJavaProjectConfigurator - Adding resource folder /demo.jenkins.testProject/src/test/resources
2023-06-03 12:55:14,054 [Worker-13: Updating Maven Project] INFO  o.e.m.c.i.p.ProjectConfigurationManager - Update completed: 0 sec
2023-06-03 12:55:14,259 [Worker-37: Building] WARN  o.e.m.c.i.embedder.EclipseLogger - Using platform encoding (Cp1252 actually) to copy filtered resources, i.e. build is platform dependent!
2023-06-03 12:55:14,260 [Worker-37: Building] INFO  o.e.m.c.i.embedder.EclipseLogger - Copying 0 resource
2023-06-03 12:55:14,261 [Worker-37: Building] WARN  o.e.m.c.i.embedder.EclipseLogger - Using platform encoding (Cp1252 actually) to copy filtered resources, i.e. build is platform dependent!
2023-06-03 12:55:14,262 [Worker-37: Building] INFO  o.e.m.c.i.embedder.EclipseLogger - Copying 0 resource
2023-06-03 12:55:32,270 [Worker-33: Launching Executing clean in D__6_Jenkins_Workspace_demo.jenkins.testProject] INFO  o.e.m.i.launch.MavenLaunchDelegate - D:\6_Jenkins_Workspace\demo.jenkins.testProject
2023-06-03 12:55:32,270 [Worker-33: Launching Executing clean in D__6_Jenkins_Workspace_demo.jenkins.testProject] INFO  o.e.m.i.launch.MavenLaunchDelegate -  mvn -B clean
2023-06-03 12:55:38,916 [Worker-36: Launching Executing install in D__6_Jenkins_Workspace_demo.jenkins.testProject] INFO  o.e.m.i.launch.MavenLaunchDelegate - D:\6_Jenkins_Workspace\demo.jenkins.testProject
2023-06-03 12:55:38,916 [Worker-36: Launching Executing install in D__6_Jenkins_Workspace_demo.jenkins.testProject] INFO  o.e.m.i.launch.MavenLaunchDelegate -  mvn -B install
2023-06-03 12:57:29,541 [Worker-36: Launching Executing clean in D__6_Jenkins_Workspace_demo.jenkins.testProject] INFO  o.e.m.i.launch.MavenLaunchDelegate - D:\6_Jenkins_Workspace\demo.jenkins.testProject
2023-06-03 12:57:29,541 [Worker-36: Launching Executing clean in D__6_Jenkins_Workspace_demo.jenkins.testProject] INFO  o.e.m.i.launch.MavenLaunchDelegate -  mvn -B clean
2023-06-03 12:57:37,182 [Worker-36: Launching Executing install in D__6_Jenkins_Workspace_demo.jenkins.testProject] INFO  o.e.m.i.launch.MavenLaunchDelegate - D:\6_Jenkins_Workspace\demo.jenkins.testProject
2023-06-03 12:57:37,182 [Worker-36: Launching Executing install in D__6_Jenkins_Workspace_demo.jenkins.testProject] INFO  o.e.m.i.launch.MavenLaunchDelegate -  mvn -B install
2023-06-03 12:57:52,016 [Worker-39: Launching Executing test in D__6_Jenkins_Workspace_demo.jenkins.testProject] INFO  o.e.m.i.launch.MavenLaunchDelegate - D:\6_Jenkins_Workspace\demo.jenkins.testProject
2023-06-03 12:57:52,016 [Worker-39: Launching Executing test in D__6_Jenkins_Workspace_demo.jenkins.testProject] INFO  o.e.m.i.launch.MavenLaunchDelegate -  mvn -B test
2023-06-03 13:06:37,071 [Worker-40: Building] WARN  o.e.m.c.i.embedder.EclipseLogger - Using platform encoding (Cp1252 actually) to copy filtered resources, i.e. build is platform dependent!
2023-06-03 13:06:37,175 [Worker-40: Building] INFO  o.e.m.c.i.embedder.EclipseLogger - Copying 0 resource
2023-06-03 13:06:37,176 [Worker-40: Building] WARN  o.e.m.c.i.embedder.EclipseLogger - Using platform encoding (Cp1252 actually) to copy filtered resources, i.e. build is platform dependent!
2023-06-03 13:06:37,177 [Worker-40: Building] INFO  o.e.m.c.i.embedder.EclipseLogger - Copying 0 resource
2023-06-03 13:07:53,273 [Worker-40: Building] WARN  o.e.m.c.i.embedder.EclipseLogger - Using platform encoding (Cp1252 actually) to copy filtered resources, i.e. build is platform dependent!
2023-06-03 13:07:53,274 [Worker-40: Building] INFO  o.e.m.c.i.embedder.EclipseLogger - Copying 0 resource
2023-06-03 13:07:53,274 [Worker-40: Building] WARN  o.e.m.c.i.embedder.EclipseLogger - Using platform encoding (Cp1252 actually) to copy filtered resources, i.e. build is platform dependent!
2023-06-03 13:07:53,275 [Worker-40: Building] INFO  o.e.m.c.i.embedder.EclipseLogger - Copying 0 resource
2023-06-03 13:10:38,633 [Worker-41: Building] WARN  o.e.m.c.i.embedder.EclipseLogger - Using platform encoding (Cp1252 actually) to copy filtered resources, i.e. build is platform dependent!
2023-06-03 13:10:38,633 [Worker-41: Building] INFO  o.e.m.c.i.embedder.EclipseLogger - Copying 0 resource
2023-06-03 13:10:38,633 [Worker-41: Building] WARN  o.e.m.c.i.embedder.EclipseLogger - Using platform encoding (Cp1252 actually) to copy filtered resources, i.e. build is platform dependent!
2023-06-03 13:10:38,633 [Worker-41: Building] INFO  o.e.m.c.i.embedder.EclipseLogger - Copying 0 resource
2023-06-04 17:46:47,194 [Worker-4: Loading available Gradle versions] INFO  o.e.b.c.i.u.g.PublishedGradleVersions - Gradle version information cache is up-to-date. Trying to read.
2023-06-04 17:46:50,033 [Worker-1: Building] INFO  o.e.m.c.i.l.LifecycleMappingFactory - Using org.eclipse.m2e.jdt.JarLifecycleMapping lifecycle mapping for MavenProject: demo.jenkins.testProject:demo.jenkins.testProject:0.0.1-SNAPSHOT @ D:\6_Jenkins_Workspace\demo.jenkins.testProject\pom.xml.
2023-06-04 17:46:51,554 [Worker-1: Building] WARN  o.e.m.c.i.embedder.EclipseLogger - Using platform encoding (Cp1252 actually) to copy filtered resources, i.e. build is platform dependent!
2023-06-04 17:46:51,556 [Worker-1: Building] INFO  o.e.m.c.i.embedder.EclipseLogger - skip non existing resourceDirectory D:\6_Jenkins_Workspace\demo.jenkins.testProject\src\main\resources
2023-06-04 17:46:51,561 [Worker-1: Building] WARN  o.e.m.c.i.embedder.EclipseLogger - Using platform encoding (Cp1252 actually) to copy filtered resources, i.e. build is platform dependent!
2023-06-04 17:46:51,563 [Worker-1: Building] INFO  o.e.m.c.i.embedder.EclipseLogger - skip non existing resourceDirectory D:\6_Jenkins_Workspace\demo.jenkins.testProject\src\test\resources
2023-06-04 17:47:04,804 [Worker-27: Updating Maven Project] INFO  o.e.m.c.i.p.ProjectConfigurationManager - Update started
2023-06-04 17:47:05,165 [Worker-27: Updating Maven Project] INFO  o.e.m.c.i.l.LifecycleMappingFactory - Using org.eclipse.m2e.jdt.JarLifecycleMapping lifecycle mapping for MavenProject: demo.jenkins.testProject:demo.jenkins.testProject:0.0.1-SNAPSHOT @ D:\6_Jenkins_Workspace\demo.jenkins.testProject\pom.xml.
2023-06-04 17:47:05,664 [Worker-27: Updating Maven Project] INFO  o.e.m.j.i.AbstractJavaProjectConfigurator - Adding source folder /demo.jenkins.testProject/src/main/java
2023-06-04 17:47:05,665 [Worker-27: Updating Maven Project] INFO  o.e.m.j.i.AbstractJavaProjectConfigurator - Adding source folder /demo.jenkins.testProject/src/test/java
2023-06-04 17:47:05,917 [Worker-27: Updating Maven Project] INFO  o.e.m.c.i.p.ProjectConfigurationManager - Update completed: 1 sec
2023-06-04 17:47:06,283 [Worker-22: Building] WARN  o.e.m.c.i.embedder.EclipseLogger - Using platform encoding (Cp1252 actually) to copy filtered resources, i.e. build is platform dependent!
2023-06-04 17:47:06,284 [Worker-22: Building] INFO  o.e.m.c.i.embedder.EclipseLogger - skip non existing resourceDirectory D:\6_Jenkins_Workspace\demo.jenkins.testProject\src\main\resources
2023-06-04 17:47:06,285 [Worker-22: Building] WARN  o.e.m.c.i.embedder.EclipseLogger - Using platform encoding (Cp1252 actually) to copy filtered resources, i.e. build is platform dependent!
2023-06-04 17:47:06,287 [Worker-22: Building] INFO  o.e.m.c.i.embedder.EclipseLogger - skip non existing resourceDirectory D:\6_Jenkins_Workspace\demo.jenkins.testProject\src\test\resources
2023-06-04 17:47:21,572 [Worker-8: Building] WARN  o.e.m.c.i.embedder.EclipseLogger - Using platform encoding (Cp1252 actually) to copy filtered resources, i.e. build is platform dependent!
2023-06-04 17:47:21,572 [Worker-8: Building] INFO  o.e.m.c.i.embedder.EclipseLogger - skip non existing resourceDirectory D:\6_Jenkins_Workspace\demo.jenkins.testProject\src\main\resources
2023-06-04 17:47:21,574 [Worker-8: Building] WARN  o.e.m.c.i.embedder.EclipseLogger - Using platform encoding (Cp1252 actually) to copy filtered resources, i.e. build is platform dependent!
2023-06-04 17:47:21,575 [Worker-8: Building] INFO  o.e.m.c.i.embedder.EclipseLogger - skip non existing resourceDirectory D:\6_Jenkins_Workspace\demo.jenkins.testProject\src\test\resources
2023-06-04 17:47:25,039 [Worker-11: Building] WARN  o.e.m.c.i.embedder.EclipseLogger - Using platform encoding (Cp1252 actually) to copy filtered resources, i.e. build is platform dependent!
2023-06-04 17:47:25,040 [Worker-11: Building] INFO  o.e.m.c.i.embedder.EclipseLogger - skip non existing resourceDirectory D:\6_Jenkins_Workspace\demo.jenkins.testProject\src\main\resources
2023-06-04 17:47:25,041 [Worker-11: Building] WARN  o.e.m.c.i.embedder.EclipseLogger - Using platform encoding (Cp1252 actually) to copy filtered resources, i.e. build is platform dependent!
2023-06-04 17:47:25,042 [Worker-11: Building] INFO  o.e.m.c.i.embedder.EclipseLogger - skip non existing resourceDirectory D:\6_Jenkins_Workspace\demo.jenkins.testProject\src\test\resources
2023-06-04 17:48:31,057 [Worker-16: Building] INFO  o.e.m.c.i.l.LifecycleMappingFactory - Using org.eclipse.m2e.jdt.JarLifecycleMapping lifecycle mapping for MavenProject: demo.jenkins.testProject:demo.jenkins.testProject:0.0.1-SNAPSHOT @ D:\6_Jenkins_Workspace\demo.jenkins.testProject\pom.xml.
2023-06-04 17:48:31,422 [Worker-16: Building] WARN  o.e.m.c.i.embedder.EclipseLogger - Using platform encoding (Cp1252 actually) to copy filtered resources, i.e. build is platform dependent!
2023-06-04 17:48:31,423 [Worker-16: Building] INFO  o.e.m.c.i.embedder.EclipseLogger - skip non existing resourceDirectory D:\6_Jenkins_Workspace\demo.jenkins.testProject\src\main\resources
2023-06-04 17:48:31,425 [Worker-16: Building] WARN  o.e.m.c.i.embedder.EclipseLogger - Using platform encoding (Cp1252 actually) to copy filtered resources, i.e. build is platform dependent!
2023-06-04 17:48:31,425 [Worker-16: Building] INFO  o.e.m.c.i.embedder.EclipseLogger - skip non existing resourceDirectory D:\6_Jenkins_Workspace\demo.jenkins.testProject\src\test\resources
2023-06-04 17:48:35,545 [Worker-0: Launching Executing clean in D__6_Jenkins_Workspace_demo.jenkins.testProject] INFO  o.e.m.i.launch.MavenLaunchDelegate - D:\6_Jenkins_Workspace\demo.jenkins.testProject
2023-06-04 17:48:35,547 [Worker-0: Launching Executing clean in D__6_Jenkins_Workspace_demo.jenkins.testProject] INFO  o.e.m.i.launch.MavenLaunchDelegate -  mvn -B clean
2023-06-04 17:48:40,847 [Worker-19: Launching Executing install in D__6_Jenkins_Workspace_demo.jenkins.testProject] INFO  o.e.m.i.launch.MavenLaunchDelegate - D:\6_Jenkins_Workspace\demo.jenkins.testProject
2023-06-04 17:48:40,847 [Worker-19: Launching Executing install in D__6_Jenkins_Workspace_demo.jenkins.testProject] INFO  o.e.m.i.launch.MavenLaunchDelegate -  mvn -B install
